2022-03-09 15:52:31 INFO  EmployeeJdbcDao:21 - Entered fetchAllEmployees() in DAO
2022-03-09 15:52:31 INFO  DBConnection:24 - Estabilishing DB connection
2022-03-09 15:53:21 INFO  FinanceManagerDao:166 - in getAllEmployees Dao Layer
2022-03-09 15:53:21 INFO  FinanceManagerDao:202 - in getRoles Dao Layer
2022-03-09 15:53:21 INFO  FinanceManagerDao:202 - in getRoles Dao Layer
2022-03-09 15:53:21 INFO  FinanceManagerDao:202 - in getRoles Dao Layer
2022-03-09 15:53:21 INFO  FinanceManagerDao:202 - in getRoles Dao Layer
2022-03-09 15:55:18 INFO  EmployeeJdbcDao:21 - Entered fetchAllEmployees() in DAO
2022-03-09 15:55:18 INFO  DBConnection:24 - Estabilishing DB connection
2022-03-09 17:27:38 INFO  FinanceManagerDao:165 - in getAllEmployees Dao Layer
2022-03-09 17:27:38 INFO  DBConnection:24 - Estabilishing DB connection
2022-03-09 17:27:39 INFO  FinanceManagerDao:201 - in getRoles Dao Layer
2022-03-09 17:27:39 INFO  FinanceManagerDao:201 - in getRoles Dao Layer
2022-03-09 17:27:39 INFO  FinanceManagerDao:201 - in getRoles Dao Layer
2022-03-09 17:27:39 INFO  FinanceManagerDao:201 - in getRoles Dao Layer
2022-03-09 17:28:08 INFO  EmployeeJdbcDao:23 - Entered fetchAllEmployees() in DAO
2022-03-09 17:28:08 INFO  DBConnection:24 - Estabilishing DB connection
2022-03-09 17:28:08 INFO  EmployeeJdbcDao:55 - Exited fetchAllEmployees() in DAO
2022-03-09 17:34:49 INFO  EmployeeJdbcDao:23 - Entered fetchAllEmployees() in DAO
2022-03-09 17:34:49 INFO  EmployeeJdbcDao:55 - Exited fetchAllEmployees() in DAO
2022-03-09 17:34:58 INFO  EmployeeJdbcDao:23 - Entered fetchAllEmployees() in DAO
2022-03-09 17:34:58 INFO  EmployeeJdbcDao:55 - Exited fetchAllEmployees() in DAO
2022-03-09 17:35:15 INFO  EmployeeJdbcDao:23 - Entered fetchAllEmployees() in DAO
2022-03-09 17:35:15 INFO  DBConnection:24 - Estabilishing DB connection
2022-03-09 17:35:15 INFO  EmployeeJdbcDao:55 - Exited fetchAllEmployees() in DAO
2022-03-09 17:38:02 INFO  EmployeeJdbcDao:23 - Entered fetchAllEmployees() in DAO
2022-03-09 17:38:02 INFO  DBConnection:24 - Estabilishing DB connection
2022-03-09 17:38:02 INFO  EmployeeJdbcDao:55 - Exited fetchAllEmployees() in DAO
2022-03-09 17:39:23 INFO  FinanceManagerDao:165 - in getAllEmployees Dao Layer
2022-03-09 17:39:23 INFO  DBConnection:24 - Estabilishing DB connection
2022-03-09 17:39:24 INFO  FinanceManagerDao:201 - in getRoles Dao Layer
2022-03-09 17:39:24 INFO  FinanceManagerDao:201 - in getRoles Dao Layer
2022-03-09 17:39:24 INFO  FinanceManagerDao:201 - in getRoles Dao Layer
2022-03-09 17:39:24 INFO  FinanceManagerDao:201 - in getRoles Dao Layer
2022-03-10 11:16:35 INFO  LoginDao:32 - in getAllEmployees Dao Layer
2022-03-10 11:16:35 INFO  DBConnection:24 - Estabilishing DB connection
2022-03-10 11:16:35 INFO  LoginDao:70 - in getRoles Dao Layer
2022-03-10 11:33:21 INFO  LoginDao:32 - in getAllEmployees Dao Layer
2022-03-10 11:33:21 INFO  DBConnection:24 - Estabilishing DB connection
2022-03-10 11:33:22 INFO  LoginDao:70 - in getRoles Dao Layer
2022-03-10 11:34:04 INFO  LoginDao:32 - in getAllEmployees Dao Layer
2022-03-10 11:34:06 INFO  LoginDao:32 - in getAllEmployees Dao Layer
2022-03-10 11:34:34 INFO  LoginDao:32 - in getAllEmployees Dao Layer
2022-03-10 11:34:35 INFO  LoginDao:32 - in getAllEmployees Dao Layer
2022-03-10 11:35:40 INFO  LoginDao:32 - in getAllEmployees Dao Layer
2022-03-10 11:35:40 INFO  LoginDao:70 - in getRoles Dao Layer
2022-03-10 11:35:50 INFO  LoginDao:32 - in getAllEmployees Dao Layer
2022-03-10 11:35:50 INFO  DBConnection:24 - Estabilishing DB connection
2022-03-10 11:35:50 INFO  LoginDao:70 - in getRoles Dao Layer
2022-03-10 11:36:00 INFO  LoginDao:32 - in getAllEmployees Dao Layer
2022-03-10 11:40:05 INFO  LoginDao:32 - in getAllEmployees Dao Layer
2022-03-10 11:40:05 INFO  LoginDao:70 - in getRoles Dao Layer
2022-03-10 11:41:00 INFO  LoginDao:32 - in getAllEmployees Dao Layer
2022-03-10 11:41:00 INFO  DBConnection:24 - Estabilishing DB connection
2022-03-10 11:41:00 INFO  LoginDao:70 - in getRoles Dao Layer
2022-03-10 11:41:04 INFO  LoginDao:32 - in getAllEmployees Dao Layer
2022-03-10 11:41:04 INFO  LoginDao:70 - in getRoles Dao Layer
2022-03-10 11:41:17 INFO  LoginDao:32 - in getAllEmployees Dao Layer
2022-03-10 11:41:17 INFO  LoginDao:70 - in getRoles Dao Layer
2022-03-10 11:41:18 INFO  FinanceManagerDao:165 - in getAllEmployees Dao Layer
2022-03-10 11:41:18 INFO  FinanceManagerDao:201 - in getRoles Dao Layer
2022-03-10 11:41:18 INFO  FinanceManagerDao:201 - in getRoles Dao Layer
2022-03-10 11:41:18 INFO  FinanceManagerDao:201 - in getRoles Dao Layer
2022-03-10 11:41:18 INFO  FinanceManagerDao:201 - in getRoles Dao Layer
2022-03-10 11:41:20 INFO  FinanceManagerDao:97 - in getAllReinbursements Dao Layer
2022-03-10 11:41:22 INFO  FinanceManagerDao:97 - in getAllReinbursements Dao Layer
2022-03-10 11:41:23 INFO  FinanceManagerDao:165 - in getAllEmployees Dao Layer
2022-03-10 11:41:23 INFO  FinanceManagerDao:201 - in getRoles Dao Layer
2022-03-10 11:41:23 INFO  FinanceManagerDao:201 - in getRoles Dao Layer
2022-03-10 11:41:23 INFO  FinanceManagerDao:201 - in getRoles Dao Layer
2022-03-10 11:41:23 INFO  FinanceManagerDao:201 - in getRoles Dao Layer
2022-03-10 11:41:27 INFO  LoginDao:32 - in getAllEmployees Dao Layer
2022-03-10 11:41:27 INFO  LoginDao:70 - in getRoles Dao Layer
2022-03-10 11:41:30 INFO  LoginDao:32 - in getAllEmployees Dao Layer
2022-03-10 11:41:30 INFO  LoginDao:70 - in getRoles Dao Layer
2022-03-10 11:41:31 INFO  FinanceManagerDao:165 - in getAllEmployees Dao Layer
2022-03-10 11:41:31 INFO  FinanceManagerDao:201 - in getRoles Dao Layer
2022-03-10 11:41:31 INFO  FinanceManagerDao:201 - in getRoles Dao Layer
2022-03-10 11:41:31 INFO  FinanceManagerDao:201 - in getRoles Dao Layer
2022-03-10 11:41:31 INFO  FinanceManagerDao:201 - in getRoles Dao Layer
2022-03-10 11:41:33 INFO  FinanceManagerDao:97 - in getAllReinbursements Dao Layer
2022-03-10 11:41:50 INFO  LoginDao:32 - in getAllEmployees Dao Layer
2022-03-10 11:41:50 INFO  LoginDao:70 - in getRoles Dao Layer
2022-03-10 11:41:51 INFO  LoginDao:32 - in getAllEmployees Dao Layer
2022-03-10 11:41:51 INFO  LoginDao:70 - in getRoles Dao Layer
2022-03-10 11:41:53 INFO  FinanceManagerDao:97 - in getAllReinbursements Dao Layer
2022-03-10 11:41:55 INFO  FinanceManagerDao:165 - in getAllEmployees Dao Layer
2022-03-10 11:41:55 INFO  FinanceManagerDao:201 - in getRoles Dao Layer
2022-03-10 11:41:55 INFO  FinanceManagerDao:201 - in getRoles Dao Layer
2022-03-10 11:41:55 INFO  FinanceManagerDao:201 - in getRoles Dao Layer
2022-03-10 11:41:55 INFO  FinanceManagerDao:201 - in getRoles Dao Layer
2022-03-10 11:41:55 INFO  FinanceManagerDao:97 - in getAllReinbursements Dao Layer
2022-03-10 11:41:57 INFO  FinanceManagerDao:165 - in getAllEmployees Dao Layer
2022-03-10 11:41:57 INFO  FinanceManagerDao:201 - in getRoles Dao Layer
2022-03-10 11:41:57 INFO  FinanceManagerDao:201 - in getRoles Dao Layer
2022-03-10 11:41:57 INFO  FinanceManagerDao:201 - in getRoles Dao Layer
2022-03-10 11:41:57 INFO  FinanceManagerDao:201 - in getRoles Dao Layer
2022-03-10 11:41:58 INFO  FinanceManagerDao:97 - in getAllReinbursements Dao Layer
2022-03-10 11:42:01 INFO  LoginDao:32 - in getAllEmployees Dao Layer
2022-03-10 11:42:01 INFO  LoginDao:70 - in getRoles Dao Layer
2022-03-10 11:42:03 INFO  LoginDao:32 - in getAllEmployees Dao Layer
2022-03-10 11:42:03 INFO  LoginDao:70 - in getRoles Dao Layer
2022-03-10 11:42:04 INFO  LoginDao:32 - in getAllEmployees Dao Layer
2022-03-10 11:42:04 INFO  LoginDao:70 - in getRoles Dao Layer
2022-03-10 11:42:04 INFO  LoginDao:32 - in getAllEmployees Dao Layer
2022-03-10 11:42:04 INFO  LoginDao:70 - in getRoles Dao Layer
2022-03-10 11:42:15 INFO  LoginDao:32 - in getAllEmployees Dao Layer
2022-03-10 11:42:15 INFO  LoginDao:70 - in getRoles Dao Layer
2022-03-10 11:42:16 INFO  LoginDao:32 - in getAllEmployees Dao Layer
2022-03-10 11:42:16 INFO  LoginDao:70 - in getRoles Dao Layer
2022-03-10 11:47:53 INFO  LoginDao:32 - in getAllEmployees Dao Layer
2022-03-10 11:47:53 INFO  LoginDao:70 - in getRoles Dao Layer
2022-03-10 11:47:53 INFO  LoginDao:32 - in getAllEmployees Dao Layer
2022-03-10 11:47:53 INFO  LoginDao:70 - in getRoles Dao Layer
2022-03-10 11:47:57 INFO  FinanceManagerDao:165 - in getAllEmployees Dao Layer
2022-03-10 11:47:57 INFO  FinanceManagerDao:201 - in getRoles Dao Layer
2022-03-10 11:47:57 INFO  FinanceManagerDao:201 - in getRoles Dao Layer
2022-03-10 11:47:57 INFO  FinanceManagerDao:201 - in getRoles Dao Layer
2022-03-10 11:47:57 INFO  FinanceManagerDao:201 - in getRoles Dao Layer
2022-03-10 11:47:58 INFO  FinanceManagerDao:97 - in getAllReinbursements Dao Layer
2022-03-10 11:47:59 INFO  FinanceManagerDao:165 - in getAllEmployees Dao Layer
2022-03-10 11:47:59 INFO  FinanceManagerDao:201 - in getRoles Dao Layer
2022-03-10 11:47:59 INFO  FinanceManagerDao:201 - in getRoles Dao Layer
2022-03-10 11:47:59 INFO  FinanceManagerDao:201 - in getRoles Dao Layer
2022-03-10 11:47:59 INFO  FinanceManagerDao:201 - in getRoles Dao Layer
2022-03-10 11:48:00 INFO  FinanceManagerDao:97 - in getAllReinbursements Dao Layer
2022-03-10 11:48:00 INFO  FinanceManagerDao:63 - in getPendingReinbursements Dao Layer
2022-03-10 11:48:01 INFO  FinanceManagerDao:97 - in getAllReinbursements Dao Layer
2022-03-10 11:48:01 INFO  FinanceManagerDao:63 - in getPendingReinbursements Dao Layer
2022-03-10 11:48:01 INFO  FinanceManagerDao:28 - in getPendingReimbursements Dao Layer
2022-03-10 11:48:02 INFO  FinanceManagerDao:63 - in getPendingReinbursements Dao Layer
2022-03-10 11:48:06 INFO  FinanceManagerDao:165 - in getAllEmployees Dao Layer
2022-03-10 11:48:06 INFO  FinanceManagerDao:201 - in getRoles Dao Layer
2022-03-10 11:48:06 INFO  FinanceManagerDao:201 - in getRoles Dao Layer
2022-03-10 11:48:06 INFO  FinanceManagerDao:201 - in getRoles Dao Layer
2022-03-10 11:48:06 INFO  FinanceManagerDao:201 - in getRoles Dao Layer
2022-03-10 11:48:12 INFO  LoginDao:32 - in getAllEmployees Dao Layer
2022-03-10 11:48:12 INFO  LoginDao:70 - in getRoles Dao Layer
2022-03-10 11:48:13 INFO  LoginDao:32 - in getAllEmployees Dao Layer
2022-03-10 11:48:13 INFO  LoginDao:70 - in getRoles Dao Layer
2022-03-10 11:48:14 INFO  LoginDao:32 - in getAllEmployees Dao Layer
2022-03-10 11:48:14 INFO  LoginDao:70 - in getRoles Dao Layer
2022-03-10 11:48:14 INFO  LoginDao:32 - in getAllEmployees Dao Layer
2022-03-10 11:48:14 INFO  LoginDao:70 - in getRoles Dao Layer
2022-03-10 11:48:52 INFO  LoginDao:32 - in getAllEmployees Dao Layer
2022-03-10 11:48:53 INFO  LoginDao:32 - in getAllEmployees Dao Layer
2022-03-10 11:48:54 INFO  LoginDao:32 - in getAllEmployees Dao Layer
2022-03-10 11:48:54 INFO  LoginDao:32 - in getAllEmployees Dao Layer
2022-03-10 11:52:11 INFO  LoginDao:32 - in getAllEmployees Dao Layer
2022-03-10 11:52:11 INFO  DBConnection:24 - Estabilishing DB connection
2022-03-10 11:52:11 WARN  LoginService:21 - attempted to get user that doesnt exist
2022-03-10 11:52:16 INFO  LoginDao:32 - in getAllEmployees Dao Layer
2022-03-10 11:52:16 INFO  LoginDao:70 - in getRoles Dao Layer
2022-03-10 11:52:18 INFO  LoginDao:32 - in getAllEmployees Dao Layer
2022-03-10 11:52:18 INFO  LoginDao:70 - in getRoles Dao Layer
2022-03-10 11:52:49 INFO  FinanceManagerDao:97 - in getAllReinbursements Dao Layer
2022-03-10 11:54:31 INFO  LoginDao:32 - in getAllEmployees Dao Layer
2022-03-10 11:54:31 INFO  LoginDao:70 - in getRoles Dao Layer
2022-03-10 11:54:32 INFO  LoginDao:32 - in getAllEmployees Dao Layer
2022-03-10 11:54:32 INFO  LoginDao:70 - in getRoles Dao Layer
2022-03-10 11:54:46 INFO  FinanceManagerDao:97 - in getAllReinbursements Dao Layer
2022-03-10 11:54:47 INFO  FinanceManagerDao:165 - in getAllEmployees Dao Layer
2022-03-10 11:54:47 INFO  FinanceManagerDao:201 - in getRoles Dao Layer
2022-03-10 11:54:47 INFO  FinanceManagerDao:201 - in getRoles Dao Layer
2022-03-10 11:54:47 INFO  FinanceManagerDao:201 - in getRoles Dao Layer
2022-03-10 11:54:47 INFO  FinanceManagerDao:201 - in getRoles Dao Layer
2022-03-10 11:54:48 INFO  FinanceManagerDao:97 - in getAllReinbursements Dao Layer
2022-03-10 11:54:49 INFO  FinanceManagerDao:165 - in getAllEmployees Dao Layer
2022-03-10 11:54:49 INFO  FinanceManagerDao:201 - in getRoles Dao Layer
2022-03-10 11:54:49 INFO  FinanceManagerDao:201 - in getRoles Dao Layer
2022-03-10 11:54:49 INFO  FinanceManagerDao:201 - in getRoles Dao Layer
2022-03-10 11:54:49 INFO  FinanceManagerDao:201 - in getRoles Dao Layer
2022-03-10 11:54:50 INFO  FinanceManagerDao:97 - in getAllReinbursements Dao Layer
2022-03-10 11:54:51 INFO  FinanceManagerDao:97 - in getAllReinbursements Dao Layer
2022-03-10 11:54:56 INFO  FinanceManagerDao:165 - in getAllEmployees Dao Layer
2022-03-10 11:54:56 INFO  FinanceManagerDao:201 - in getRoles Dao Layer
2022-03-10 11:54:56 INFO  FinanceManagerDao:201 - in getRoles Dao Layer
2022-03-10 11:54:56 INFO  FinanceManagerDao:201 - in getRoles Dao Layer
2022-03-10 11:54:56 INFO  FinanceManagerDao:201 - in getRoles Dao Layer
2022-03-10 11:54:57 INFO  FinanceManagerDao:97 - in getAllReinbursements Dao Layer
2022-03-10 12:01:27 INFO  LoginDao:32 - in getAllEmployees Dao Layer
2022-03-10 12:01:27 INFO  LoginDao:70 - in getRoles Dao Layer
2022-03-10 12:01:28 INFO  LoginDao:32 - in getAllEmployees Dao Layer
2022-03-10 12:01:28 INFO  LoginDao:70 - in getRoles Dao Layer
2022-03-10 12:01:29 INFO  FinanceManagerDao:97 - in getAllReinbursements Dao Layer
2022-03-10 12:01:30 INFO  FinanceManagerDao:165 - in getAllEmployees Dao Layer
2022-03-10 12:01:30 INFO  FinanceManagerDao:201 - in getRoles Dao Layer
2022-03-10 12:01:30 INFO  FinanceManagerDao:201 - in getRoles Dao Layer
2022-03-10 12:01:30 INFO  FinanceManagerDao:201 - in getRoles Dao Layer
2022-03-10 12:01:30 INFO  FinanceManagerDao:201 - in getRoles Dao Layer
2022-03-10 12:01:32 INFO  FinanceManagerDao:97 - in getAllReinbursements Dao Layer
2022-03-10 12:01:32 INFO  FinanceManagerDao:165 - in getAllEmployees Dao Layer
2022-03-10 12:01:32 INFO  FinanceManagerDao:201 - in getRoles Dao Layer
2022-03-10 12:01:32 INFO  FinanceManagerDao:201 - in getRoles Dao Layer
2022-03-10 12:01:32 INFO  FinanceManagerDao:201 - in getRoles Dao Layer
2022-03-10 12:01:32 INFO  FinanceManagerDao:201 - in getRoles Dao Layer
2022-03-10 12:01:33 INFO  FinanceManagerDao:97 - in getAllReinbursements Dao Layer
2022-03-10 12:01:37 INFO  LoginDao:32 - in getAllEmployees Dao Layer
2022-03-10 12:01:37 INFO  LoginDao:70 - in getRoles Dao Layer
2022-03-10 12:01:52 INFO  LoginDao:32 - in getAllEmployees Dao Layer
2022-03-10 12:01:52 INFO  LoginDao:70 - in getRoles Dao Layer
2022-03-10 12:01:54 INFO  FinanceManagerDao:97 - in getAllReinbursements Dao Layer
2022-03-10 12:01:55 INFO  FinanceManagerDao:165 - in getAllEmployees Dao Layer
2022-03-10 12:01:55 INFO  FinanceManagerDao:201 - in getRoles Dao Layer
2022-03-10 12:01:55 INFO  FinanceManagerDao:201 - in getRoles Dao Layer
2022-03-10 12:01:55 INFO  FinanceManagerDao:201 - in getRoles Dao Layer
2022-03-10 12:01:55 INFO  FinanceManagerDao:201 - in getRoles Dao Layer
2022-03-10 12:01:55 INFO  FinanceManagerDao:97 - in getAllReinbursements Dao Layer
2022-03-10 12:02:07 INFO  LoginDao:32 - in getAllEmployees Dao Layer
2022-03-10 12:02:07 WARN  LoginService:21 - attempted to get user that doesnt exist
2022-03-10 12:02:08 INFO  LoginDao:32 - in getAllEmployees Dao Layer
2022-03-10 12:02:08 WARN  LoginService:21 - attempted to get user that doesnt exist
2022-03-10 12:02:09 INFO  LoginDao:32 - in getAllEmployees Dao Layer
2022-03-10 12:02:09 WARN  LoginService:21 - attempted to get user that doesnt exist
2022-03-10 12:02:09 INFO  LoginDao:32 - in getAllEmployees Dao Layer
2022-03-10 12:02:09 WARN  LoginService:21 - attempted to get user that doesnt exist
2022-03-10 12:02:11 INFO  LoginDao:32 - in getAllEmployees Dao Layer
2022-03-10 12:02:11 WARN  LoginService:21 - attempted to get user that doesnt exist
2022-03-10 12:02:11 INFO  LoginDao:32 - in getAllEmployees Dao Layer
2022-03-10 12:02:11 WARN  LoginService:21 - attempted to get user that doesnt exist
2022-03-10 12:02:15 INFO  LoginDao:32 - in getAllEmployees Dao Layer
2022-03-10 12:02:15 WARN  LoginService:21 - attempted to get user that doesnt exist
2022-03-10 12:02:20 INFO  LoginDao:32 - in getAllEmployees Dao Layer
2022-03-10 12:02:20 INFO  LoginDao:70 - in getRoles Dao Layer
2022-03-10 12:02:22 INFO  LoginDao:32 - in getAllEmployees Dao Layer
2022-03-10 12:02:22 INFO  LoginDao:70 - in getRoles Dao Layer
2022-03-10 12:02:27 INFO  LoginDao:32 - in getAllEmployees Dao Layer
2022-03-10 12:02:27 WARN  LoginService:21 - attempted to get user that doesnt exist
2022-03-10 12:03:41 INFO  LoginDao:32 - in getAllEmployees Dao Layer
2022-03-10 12:03:41 INFO  LoginDao:70 - in getRoles Dao Layer
2022-03-10 12:03:42 INFO  LoginDao:32 - in getAllEmployees Dao Layer
2022-03-10 12:03:42 INFO  LoginDao:70 - in getRoles Dao Layer
2022-03-10 12:03:43 INFO  LoginDao:32 - in getAllEmployees Dao Layer
2022-03-10 12:03:43 INFO  LoginDao:70 - in getRoles Dao Layer
2022-03-10 12:03:43 INFO  LoginDao:32 - in getAllEmployees Dao Layer
2022-03-10 12:03:43 INFO  LoginDao:70 - in getRoles Dao Layer
2022-03-10 12:03:51 INFO  LoginDao:32 - in getAllEmployees Dao Layer
2022-03-10 12:03:51 INFO  LoginDao:70 - in getRoles Dao Layer
2022-03-10 12:03:52 INFO  LoginDao:32 - in getAllEmployees Dao Layer
2022-03-10 12:03:52 INFO  LoginDao:70 - in getRoles Dao Layer
2022-03-10 12:03:52 INFO  LoginDao:32 - in getAllEmployees Dao Layer
2022-03-10 12:03:52 INFO  LoginDao:70 - in getRoles Dao Layer
2022-03-10 12:04:05 INFO  FinanceManagerDao:97 - in getAllReinbursements Dao Layer
2022-03-10 12:04:54 INFO  LoginDao:32 - in getAllEmployees Dao Layer
2022-03-10 12:04:54 INFO  LoginDao:70 - in getRoles Dao Layer
2022-03-10 12:04:55 INFO  LoginDao:32 - in getAllEmployees Dao Layer
2022-03-10 12:04:55 INFO  LoginDao:70 - in getRoles Dao Layer
2022-03-10 12:06:48 INFO  LoginDao:32 - in getAllEmployees Dao Layer
2022-03-10 12:06:48 INFO  LoginDao:70 - in getRoles Dao Layer
2022-03-10 12:06:49 INFO  LoginDao:32 - in getAllEmployees Dao Layer
2022-03-10 12:06:49 INFO  LoginDao:70 - in getRoles Dao Layer
2022-03-10 12:08:02 INFO  LoginDao:32 - in getAllEmployees Dao Layer
2022-03-10 12:08:02 INFO  LoginDao:32 - in getAllEmployees Dao Layer
2022-03-10 12:08:02 INFO  LoginDao:70 - in getRoles Dao Layer
2022-03-10 12:08:02 INFO  LoginDao:70 - in getRoles Dao Layer
2022-03-10 12:08:03 INFO  LoginDao:32 - in getAllEmployees Dao Layer
2022-03-10 12:08:03 INFO  LoginDao:32 - in getAllEmployees Dao Layer
2022-03-10 12:08:03 INFO  LoginDao:70 - in getRoles Dao Layer
2022-03-10 12:08:03 INFO  LoginDao:70 - in getRoles Dao Layer
2022-03-10 12:08:04 INFO  LoginDao:32 - in getAllEmployees Dao Layer
2022-03-10 12:08:04 INFO  LoginDao:32 - in getAllEmployees Dao Layer
2022-03-10 12:08:04 INFO  LoginDao:70 - in getRoles Dao Layer
2022-03-10 12:08:04 INFO  LoginDao:70 - in getRoles Dao Layer
2022-03-10 12:21:34 INFO  LoginDao:32 - in getAllEmployees Dao Layer
2022-03-10 12:21:34 INFO  LoginDao:32 - in getAllEmployees Dao Layer
2022-03-10 12:21:34 INFO  LoginDao:70 - in getRoles Dao Layer
2022-03-10 12:21:34 INFO  LoginDao:70 - in getRoles Dao Layer
2022-03-10 12:21:35 INFO  LoginDao:32 - in getAllEmployees Dao Layer
2022-03-10 12:21:35 INFO  LoginDao:32 - in getAllEmployees Dao Layer
2022-03-10 12:21:35 INFO  LoginDao:70 - in getRoles Dao Layer
2022-03-10 12:21:35 INFO  LoginDao:70 - in getRoles Dao Layer
2022-03-10 12:21:38 INFO  FinanceManagerDao:97 - in getAllReinbursements Dao Layer
2022-03-10 12:21:39 INFO  FinanceManagerDao:97 - in getAllReinbursements Dao Layer
2022-03-10 12:21:41 INFO  FinanceManagerDao:165 - in getAllEmployees Dao Layer
2022-03-10 12:21:41 INFO  FinanceManagerDao:201 - in getRoles Dao Layer
2022-03-10 12:21:41 INFO  FinanceManagerDao:201 - in getRoles Dao Layer
2022-03-10 12:21:41 INFO  FinanceManagerDao:201 - in getRoles Dao Layer
2022-03-10 12:21:41 INFO  FinanceManagerDao:201 - in getRoles Dao Layer
2022-03-10 12:21:42 INFO  FinanceManagerDao:97 - in getAllReinbursements Dao Layer
2022-03-10 12:21:42 INFO  FinanceManagerDao:63 - in getPendingReinbursements Dao Layer
2022-03-10 12:21:43 INFO  FinanceManagerDao:28 - in getPendingReimbursements Dao Layer
2022-03-10 12:21:44 INFO  FinanceManagerDao:97 - in getAllReinbursements Dao Layer
2022-03-10 12:21:45 INFO  FinanceManagerDao:63 - in getPendingReinbursements Dao Layer
2022-03-10 12:33:13 INFO  LoginDao:32 - in getAllEmployees Dao Layer
2022-03-10 12:33:13 INFO  LoginDao:32 - in getAllEmployees Dao Layer
2022-03-10 12:33:13 INFO  LoginDao:70 - in getRoles Dao Layer
2022-03-10 12:33:13 INFO  LoginDao:70 - in getRoles Dao Layer
2022-03-10 12:33:14 INFO  LoginDao:32 - in getAllEmployees Dao Layer
2022-03-10 12:33:14 INFO  LoginDao:32 - in getAllEmployees Dao Layer
2022-03-10 12:33:14 INFO  LoginDao:70 - in getRoles Dao Layer
2022-03-10 12:33:14 INFO  LoginDao:70 - in getRoles Dao Layer
2022-03-10 12:33:15 INFO  FinanceManagerDao:97 - in getAllReinbursements Dao Layer
2022-03-10 12:33:16 INFO  FinanceManagerDao:165 - in getAllEmployees Dao Layer
2022-03-10 12:33:16 INFO  FinanceManagerDao:201 - in getRoles Dao Layer
2022-03-10 12:33:16 INFO  FinanceManagerDao:201 - in getRoles Dao Layer
2022-03-10 12:33:16 INFO  FinanceManagerDao:201 - in getRoles Dao Layer
2022-03-10 12:33:16 INFO  FinanceManagerDao:201 - in getRoles Dao Layer
2022-03-10 12:33:17 INFO  FinanceManagerDao:97 - in getAllReinbursements Dao Layer
2022-03-10 12:33:19 INFO  FinanceManagerDao:97 - in getAllReinbursements Dao Layer
2022-03-10 12:33:19 INFO  FinanceManagerDao:165 - in getAllEmployees Dao Layer
2022-03-10 12:33:19 INFO  FinanceManagerDao:201 - in getRoles Dao Layer
2022-03-10 12:33:19 INFO  FinanceManagerDao:201 - in getRoles Dao Layer
2022-03-10 12:33:19 INFO  FinanceManagerDao:201 - in getRoles Dao Layer
2022-03-10 12:33:19 INFO  FinanceManagerDao:201 - in getRoles Dao Layer
2022-03-10 12:33:20 INFO  FinanceManagerDao:97 - in getAllReinbursements Dao Layer
2022-03-10 12:33:21 INFO  FinanceManagerDao:165 - in getAllEmployees Dao Layer
2022-03-10 12:33:21 INFO  FinanceManagerDao:201 - in getRoles Dao Layer
2022-03-10 12:33:21 INFO  FinanceManagerDao:201 - in getRoles Dao Layer
2022-03-10 12:33:21 INFO  FinanceManagerDao:201 - in getRoles Dao Layer
2022-03-10 12:33:21 INFO  FinanceManagerDao:201 - in getRoles Dao Layer
2022-03-10 12:33:21 INFO  FinanceManagerDao:131 - in getEmployeeReimbersements Dao Layer
2022-03-10 12:33:24 INFO  FinanceManagerDao:165 - in getAllEmployees Dao Layer
2022-03-10 12:33:24 INFO  FinanceManagerDao:201 - in getRoles Dao Layer
2022-03-10 12:33:24 INFO  FinanceManagerDao:201 - in getRoles Dao Layer
2022-03-10 12:33:24 INFO  FinanceManagerDao:201 - in getRoles Dao Layer
2022-03-10 12:33:24 INFO  FinanceManagerDao:201 - in getRoles Dao Layer
2022-03-10 12:33:25 INFO  FinanceManagerDao:131 - in getEmployeeReimbersements Dao Layer
2022-03-10 12:33:26 INFO  FinanceManagerDao:63 - in getPendingReinbursements Dao Layer
2022-03-10 12:33:27 INFO  FinanceManagerDao:28 - in getPendingReimbursements Dao Layer
2022-03-10 12:33:28 INFO  FinanceManagerDao:63 - in getPendingReinbursements Dao Layer
2022-03-10 12:33:28 INFO  FinanceManagerDao:97 - in getAllReinbursements Dao Layer
2022-03-10 12:38:05 INFO  LoginDao:32 - in getAllEmployees Dao Layer
2022-03-10 12:38:05 INFO  LoginDao:32 - in getAllEmployees Dao Layer
2022-03-10 12:38:05 INFO  LoginDao:70 - in getRoles Dao Layer
2022-03-10 12:38:05 INFO  LoginDao:70 - in getRoles Dao Layer
2022-03-10 12:38:06 INFO  LoginDao:32 - in getAllEmployees Dao Layer
2022-03-10 12:38:06 INFO  LoginDao:32 - in getAllEmployees Dao Layer
2022-03-10 12:38:06 INFO  LoginDao:70 - in getRoles Dao Layer
2022-03-10 12:38:06 INFO  LoginDao:70 - in getRoles Dao Layer
2022-03-10 12:38:07 INFO  FinanceManagerDao:97 - in getAllReinbursements Dao Layer
2022-03-10 12:38:08 INFO  FinanceManagerDao:165 - in getAllEmployees Dao Layer
2022-03-10 12:38:08 INFO  FinanceManagerDao:201 - in getRoles Dao Layer
2022-03-10 12:38:08 INFO  FinanceManagerDao:201 - in getRoles Dao Layer
2022-03-10 12:38:08 INFO  FinanceManagerDao:201 - in getRoles Dao Layer
2022-03-10 12:38:08 INFO  FinanceManagerDao:201 - in getRoles Dao Layer
2022-03-10 12:38:09 INFO  FinanceManagerDao:97 - in getAllReinbursements Dao Layer
2022-03-10 12:53:53 INFO  LoginDao:32 - in getAllEmployees Dao Layer
2022-03-10 12:53:53 INFO  LoginDao:32 - in getAllEmployees Dao Layer
2022-03-10 12:53:53 INFO  LoginDao:70 - in getRoles Dao Layer
2022-03-10 12:53:53 INFO  LoginDao:70 - in getRoles Dao Layer
2022-03-10 12:53:53 INFO  LoginDao:32 - in getAllEmployees Dao Layer
2022-03-10 12:53:53 INFO  LoginDao:32 - in getAllEmployees Dao Layer
2022-03-10 12:53:53 INFO  LoginDao:70 - in getRoles Dao Layer
2022-03-10 12:53:53 INFO  LoginDao:70 - in getRoles Dao Layer
2022-03-10 12:53:55 INFO  FinanceManagerDao:97 - in getAllReinbursements Dao Layer
2022-03-10 12:53:56 INFO  FinanceManagerDao:165 - in getAllEmployees Dao Layer
2022-03-10 12:53:56 INFO  FinanceManagerDao:201 - in getRoles Dao Layer
2022-03-10 12:53:56 INFO  FinanceManagerDao:201 - in getRoles Dao Layer
2022-03-10 12:53:56 INFO  FinanceManagerDao:201 - in getRoles Dao Layer
2022-03-10 12:53:56 INFO  FinanceManagerDao:201 - in getRoles Dao Layer
2022-03-10 12:53:59 INFO  FinanceManagerDao:97 - in getAllReinbursements Dao Layer
2022-03-10 12:54:01 INFO  FinanceManagerDao:97 - in getAllReinbursements Dao Layer
2022-03-10 12:54:01 INFO  FinanceManagerDao:165 - in getAllEmployees Dao Layer
2022-03-10 12:54:01 INFO  FinanceManagerDao:201 - in getRoles Dao Layer
2022-03-10 12:54:01 INFO  FinanceManagerDao:201 - in getRoles Dao Layer
2022-03-10 12:54:01 INFO  FinanceManagerDao:201 - in getRoles Dao Layer
2022-03-10 12:54:01 INFO  FinanceManagerDao:201 - in getRoles Dao Layer
2022-03-10 12:54:02 INFO  FinanceManagerDao:97 - in getAllReinbursements Dao Layer
2022-03-10 13:00:45 INFO  LoginDao:32 - in getAllEmployees Dao Layer
2022-03-10 13:00:45 INFO  LoginDao:32 - in getAllEmployees Dao Layer
2022-03-10 13:00:45 INFO  LoginDao:70 - in getRoles Dao Layer
2022-03-10 13:00:45 INFO  LoginDao:70 - in getRoles Dao Layer
2022-03-10 13:00:45 INFO  LoginDao:32 - in getAllEmployees Dao Layer
2022-03-10 13:00:45 INFO  LoginDao:70 - in getRoles Dao Layer
2022-03-10 13:00:45 INFO  LoginDao:32 - in getAllEmployees Dao Layer
2022-03-10 13:00:45 INFO  LoginDao:70 - in getRoles Dao Layer
2022-03-10 13:00:48 INFO  FinanceManagerDao:97 - in getAllReinbursements Dao Layer
2022-03-10 13:00:49 INFO  FinanceManagerDao:165 - in getAllEmployees Dao Layer
2022-03-10 13:00:49 INFO  FinanceManagerDao:201 - in getRoles Dao Layer
2022-03-10 13:00:49 INFO  FinanceManagerDao:201 - in getRoles Dao Layer
2022-03-10 13:00:49 INFO  FinanceManagerDao:201 - in getRoles Dao Layer
2022-03-10 13:00:49 INFO  FinanceManagerDao:201 - in getRoles Dao Layer
2022-03-10 13:00:50 INFO  FinanceManagerDao:97 - in getAllReinbursements Dao Layer
2022-03-10 13:03:19 INFO  LoginDao:32 - in getAllEmployees Dao Layer
2022-03-10 13:03:19 INFO  LoginDao:70 - in getRoles Dao Layer
2022-03-10 13:03:19 INFO  LoginDao:32 - in getAllEmployees Dao Layer
2022-03-10 13:03:19 INFO  LoginDao:70 - in getRoles Dao Layer
2022-03-10 13:03:20 INFO  LoginDao:32 - in getAllEmployees Dao Layer
2022-03-10 13:03:20 INFO  LoginDao:70 - in getRoles Dao Layer
2022-03-10 13:03:20 INFO  LoginDao:32 - in getAllEmployees Dao Layer
2022-03-10 13:03:20 INFO  LoginDao:70 - in getRoles Dao Layer
2022-03-10 13:03:21 INFO  LoginDao:32 - in getAllEmployees Dao Layer
2022-03-10 13:03:21 INFO  LoginDao:70 - in getRoles Dao Layer
2022-03-10 13:03:21 INFO  LoginDao:32 - in getAllEmployees Dao Layer
2022-03-10 13:03:21 INFO  LoginDao:70 - in getRoles Dao Layer
2022-03-10 13:03:21 INFO  LoginDao:32 - in getAllEmployees Dao Layer
2022-03-10 13:03:21 INFO  LoginDao:70 - in getRoles Dao Layer
2022-03-10 13:03:21 INFO  LoginDao:32 - in getAllEmployees Dao Layer
2022-03-10 13:03:21 INFO  LoginDao:70 - in getRoles Dao Layer
2022-03-10 13:03:22 INFO  LoginDao:32 - in getAllEmployees Dao Layer
2022-03-10 13:03:22 INFO  LoginDao:70 - in getRoles Dao Layer
2022-03-10 13:03:22 INFO  LoginDao:32 - in getAllEmployees Dao Layer
2022-03-10 13:03:22 INFO  LoginDao:70 - in getRoles Dao Layer
2022-03-10 13:03:23 INFO  LoginDao:32 - in getAllEmployees Dao Layer
2022-03-10 13:03:23 INFO  LoginDao:70 - in getRoles Dao Layer
2022-03-10 13:03:23 INFO  LoginDao:32 - in getAllEmployees Dao Layer
2022-03-10 13:03:23 INFO  LoginDao:70 - in getRoles Dao Layer
2022-03-10 13:03:23 INFO  LoginDao:32 - in getAllEmployees Dao Layer
2022-03-10 13:03:23 INFO  LoginDao:70 - in getRoles Dao Layer
2022-03-10 13:03:23 INFO  LoginDao:32 - in getAllEmployees Dao Layer
2022-03-10 13:03:23 INFO  LoginDao:70 - in getRoles Dao Layer
2022-03-10 13:03:24 INFO  LoginDao:32 - in getAllEmployees Dao Layer
2022-03-10 13:03:24 INFO  LoginDao:70 - in getRoles Dao Layer
2022-03-10 13:03:24 INFO  LoginDao:32 - in getAllEmployees Dao Layer
2022-03-10 13:03:24 INFO  LoginDao:70 - in getRoles Dao Layer
2022-03-10 13:03:25 INFO  LoginDao:32 - in getAllEmployees Dao Layer
2022-03-10 13:03:25 INFO  LoginDao:70 - in getRoles Dao Layer
2022-03-10 13:03:25 INFO  LoginDao:32 - in getAllEmployees Dao Layer
2022-03-10 13:03:25 INFO  LoginDao:70 - in getRoles Dao Layer
2022-03-10 13:03:26 INFO  LoginDao:32 - in getAllEmployees Dao Layer
2022-03-10 13:03:26 INFO  LoginDao:70 - in getRoles Dao Layer
2022-03-10 13:03:26 INFO  LoginDao:32 - in getAllEmployees Dao Layer
2022-03-10 13:03:26 INFO  LoginDao:70 - in getRoles Dao Layer
2022-03-10 13:03:26 INFO  LoginDao:32 - in getAllEmployees Dao Layer
2022-03-10 13:03:26 INFO  LoginDao:70 - in getRoles Dao Layer
2022-03-10 13:03:26 INFO  LoginDao:32 - in getAllEmployees Dao Layer
2022-03-10 13:03:26 INFO  LoginDao:70 - in getRoles Dao Layer
2022-03-10 13:03:27 INFO  LoginDao:32 - in getAllEmployees Dao Layer
2022-03-10 13:03:27 INFO  LoginDao:70 - in getRoles Dao Layer
2022-03-10 13:03:27 INFO  LoginDao:32 - in getAllEmployees Dao Layer
2022-03-10 13:03:27 INFO  LoginDao:70 - in getRoles Dao Layer
2022-03-10 13:03:28 INFO  LoginDao:32 - in getAllEmployees Dao Layer
2022-03-10 13:03:28 INFO  LoginDao:70 - in getRoles Dao Layer
2022-03-10 13:03:28 INFO  LoginDao:32 - in getAllEmployees Dao Layer
2022-03-10 13:03:28 INFO  LoginDao:70 - in getRoles Dao Layer
2022-03-10 13:03:51 INFO  LoginDao:32 - in getAllEmployees Dao Layer
2022-03-10 13:03:51 INFO  LoginDao:70 - in getRoles Dao Layer
2022-03-10 13:03:51 INFO  LoginDao:32 - in getAllEmployees Dao Layer
2022-03-10 13:03:51 INFO  LoginDao:70 - in getRoles Dao Layer
2022-03-10 13:03:53 INFO  LoginDao:32 - in getAllEmployees Dao Layer
2022-03-10 13:03:53 INFO  LoginDao:70 - in getRoles Dao Layer
2022-03-10 13:03:53 INFO  LoginDao:32 - in getAllEmployees Dao Layer
2022-03-10 13:03:53 INFO  LoginDao:70 - in getRoles Dao Layer
2022-03-10 13:04:24 INFO  LoginDao:32 - in getAllEmployees Dao Layer
2022-03-10 13:04:24 INFO  LoginDao:70 - in getRoles Dao Layer
2022-03-10 13:04:24 INFO  LoginDao:32 - in getAllEmployees Dao Layer
2022-03-10 13:04:24 INFO  LoginDao:70 - in getRoles Dao Layer
2022-03-10 13:04:25 INFO  LoginDao:32 - in getAllEmployees Dao Layer
2022-03-10 13:04:25 INFO  LoginDao:70 - in getRoles Dao Layer
2022-03-10 13:04:25 INFO  LoginDao:32 - in getAllEmployees Dao Layer
2022-03-10 13:04:25 INFO  LoginDao:70 - in getRoles Dao Layer
2022-03-10 13:04:28 INFO  FinanceManagerDao:165 - in getAllEmployees Dao Layer
2022-03-10 13:04:28 INFO  FinanceManagerDao:201 - in getRoles Dao Layer
2022-03-10 13:04:28 INFO  FinanceManagerDao:201 - in getRoles Dao Layer
2022-03-10 13:04:28 INFO  FinanceManagerDao:201 - in getRoles Dao Layer
2022-03-10 13:04:28 INFO  FinanceManagerDao:201 - in getRoles Dao Layer
2022-03-10 13:04:30 INFO  FinanceManagerDao:165 - in getAllEmployees Dao Layer
2022-03-10 13:04:30 INFO  FinanceManagerDao:201 - in getRoles Dao Layer
2022-03-10 13:04:30 INFO  FinanceManagerDao:201 - in getRoles Dao Layer
2022-03-10 13:04:30 INFO  FinanceManagerDao:201 - in getRoles Dao Layer
2022-03-10 13:04:30 INFO  FinanceManagerDao:201 - in getRoles Dao Layer
2022-03-10 13:06:55 INFO  LoginDao:32 - in getAllEmployees Dao Layer
2022-03-10 13:06:55 INFO  LoginDao:70 - in getRoles Dao Layer
2022-03-10 13:06:55 INFO  LoginDao:32 - in getAllEmployees Dao Layer
2022-03-10 13:06:55 INFO  LoginDao:70 - in getRoles Dao Layer
2022-03-10 13:06:56 INFO  LoginDao:32 - in getAllEmployees Dao Layer
2022-03-10 13:06:56 INFO  LoginDao:70 - in getRoles Dao Layer
2022-03-10 13:06:56 INFO  LoginDao:32 - in getAllEmployees Dao Layer
2022-03-10 13:06:56 INFO  LoginDao:70 - in getRoles Dao Layer
2022-03-10 13:06:57 INFO  FinanceManagerDao:97 - in getAllReinbursements Dao Layer
2022-03-10 13:06:58 INFO  FinanceManagerDao:165 - in getAllEmployees Dao Layer
2022-03-10 13:06:58 INFO  FinanceManagerDao:201 - in getRoles Dao Layer
2022-03-10 13:06:58 INFO  FinanceManagerDao:201 - in getRoles Dao Layer
2022-03-10 13:06:58 INFO  FinanceManagerDao:201 - in getRoles Dao Layer
2022-03-10 13:06:58 INFO  FinanceManagerDao:201 - in getRoles Dao Layer
2022-03-10 13:06:58 INFO  FinanceManagerDao:97 - in getAllReinbursements Dao Layer
2022-03-10 13:07:00 INFO  FinanceManagerDao:97 - in getAllReinbursements Dao Layer
2022-03-10 13:07:00 INFO  FinanceManagerDao:165 - in getAllEmployees Dao Layer
2022-03-10 13:07:00 INFO  FinanceManagerDao:201 - in getRoles Dao Layer
2022-03-10 13:07:00 INFO  FinanceManagerDao:201 - in getRoles Dao Layer
2022-03-10 13:07:00 INFO  FinanceManagerDao:201 - in getRoles Dao Layer
2022-03-10 13:07:00 INFO  FinanceManagerDao:201 - in getRoles Dao Layer
2022-03-10 13:07:04 INFO  LoginDao:32 - in getAllEmployees Dao Layer
2022-03-10 13:07:04 INFO  LoginDao:70 - in getRoles Dao Layer
2022-03-10 13:07:04 INFO  LoginDao:32 - in getAllEmployees Dao Layer
2022-03-10 13:07:04 INFO  LoginDao:70 - in getRoles Dao Layer
2022-03-10 13:07:13 INFO  LoginDao:32 - in getAllEmployees Dao Layer
2022-03-10 13:07:13 INFO  LoginDao:70 - in getRoles Dao Layer
2022-03-10 13:07:13 INFO  LoginDao:32 - in getAllEmployees Dao Layer
2022-03-10 13:07:13 INFO  LoginDao:70 - in getRoles Dao Layer
2022-03-10 13:07:18 INFO  LoginDao:32 - in getAllEmployees Dao Layer
2022-03-10 13:07:18 INFO  LoginDao:70 - in getRoles Dao Layer
2022-03-10 13:07:18 INFO  LoginDao:32 - in getAllEmployees Dao Layer
2022-03-10 13:07:18 INFO  LoginDao:70 - in getRoles Dao Layer
2022-03-10 13:07:21 INFO  LoginDao:32 - in getAllEmployees Dao Layer
2022-03-10 13:07:21 INFO  LoginDao:70 - in getRoles Dao Layer
2022-03-10 13:07:21 INFO  LoginDao:32 - in getAllEmployees Dao Layer
2022-03-10 13:07:21 INFO  LoginDao:70 - in getRoles Dao Layer
2022-03-10 13:07:22 INFO  FinanceManagerDao:97 - in getAllReinbursements Dao Layer
2022-03-10 13:07:23 INFO  FinanceManagerDao:165 - in getAllEmployees Dao Layer
2022-03-10 13:07:23 INFO  FinanceManagerDao:201 - in getRoles Dao Layer
2022-03-10 13:07:23 INFO  FinanceManagerDao:201 - in getRoles Dao Layer
2022-03-10 13:07:23 INFO  FinanceManagerDao:201 - in getRoles Dao Layer
2022-03-10 13:07:23 INFO  FinanceManagerDao:201 - in getRoles Dao Layer
2022-03-10 13:07:25 INFO  FinanceManagerDao:97 - in getAllReinbursements Dao Layer
2022-03-10 14:17:26 INFO  LoginDao:32 - in getAllEmployees Dao Layer
2022-03-10 14:17:26 INFO  LoginDao:32 - in getAllEmployees Dao Layer
2022-03-10 14:17:26 INFO  LoginDao:70 - in getRoles Dao Layer
2022-03-10 14:17:26 INFO  LoginDao:70 - in getRoles Dao Layer
2022-03-10 14:17:28 INFO  LoginDao:32 - in getAllEmployees Dao Layer
2022-03-10 14:17:28 INFO  LoginDao:70 - in getRoles Dao Layer
2022-03-10 14:17:28 INFO  LoginDao:32 - in getAllEmployees Dao Layer
2022-03-10 14:17:28 INFO  LoginDao:70 - in getRoles Dao Layer
2022-03-10 14:17:32 INFO  FinanceManagerDao:97 - in getAllReinbursements Dao Layer
2022-03-10 14:17:33 INFO  FinanceManagerDao:165 - in getAllEmployees Dao Layer
2022-03-10 14:17:33 INFO  FinanceManagerDao:201 - in getRoles Dao Layer
2022-03-10 14:17:33 INFO  FinanceManagerDao:201 - in getRoles Dao Layer
2022-03-10 14:17:33 INFO  FinanceManagerDao:201 - in getRoles Dao Layer
2022-03-10 14:17:33 INFO  FinanceManagerDao:201 - in getRoles Dao Layer
2022-03-10 14:17:34 INFO  FinanceManagerDao:97 - in getAllReinbursements Dao Layer
2022-03-10 14:17:37 INFO  FinanceManagerDao:165 - in getAllEmployees Dao Layer
2022-03-10 14:17:37 INFO  FinanceManagerDao:201 - in getRoles Dao Layer
2022-03-10 14:17:37 INFO  FinanceManagerDao:201 - in getRoles Dao Layer
2022-03-10 14:17:37 INFO  FinanceManagerDao:201 - in getRoles Dao Layer
2022-03-10 14:17:37 INFO  FinanceManagerDao:201 - in getRoles Dao Layer
2022-03-10 14:17:40 INFO  FinanceManagerDao:97 - in getAllReinbursements Dao Layer
2022-03-10 14:20:17 INFO  LoginDao:32 - in getAllEmployees Dao Layer
2022-03-10 14:20:17 INFO  LoginDao:70 - in getRoles Dao Layer
2022-03-10 14:20:17 INFO  LoginDao:32 - in getAllEmployees Dao Layer
2022-03-10 14:20:17 INFO  LoginDao:70 - in getRoles Dao Layer
2022-03-10 14:20:18 INFO  LoginDao:32 - in getAllEmployees Dao Layer
2022-03-10 14:20:18 INFO  LoginDao:70 - in getRoles Dao Layer
2022-03-10 14:20:18 INFO  LoginDao:32 - in getAllEmployees Dao Layer
2022-03-10 14:20:18 INFO  LoginDao:70 - in getRoles Dao Layer
2022-03-10 14:20:20 INFO  LoginDao:32 - in getAllEmployees Dao Layer
2022-03-10 14:20:20 INFO  LoginDao:70 - in getRoles Dao Layer
2022-03-10 14:20:20 INFO  LoginDao:32 - in getAllEmployees Dao Layer
2022-03-10 14:20:20 INFO  LoginDao:70 - in getRoles Dao Layer
2022-03-10 14:20:23 INFO  FinanceManagerDao:97 - in getAllReinbursements Dao Layer
2022-03-10 14:20:24 INFO  FinanceManagerDao:165 - in getAllEmployees Dao Layer
2022-03-10 14:20:24 INFO  FinanceManagerDao:201 - in getRoles Dao Layer
2022-03-10 14:20:24 INFO  FinanceManagerDao:201 - in getRoles Dao Layer
2022-03-10 14:20:24 INFO  FinanceManagerDao:201 - in getRoles Dao Layer
2022-03-10 14:20:24 INFO  FinanceManagerDao:201 - in getRoles Dao Layer
2022-03-10 14:20:25 INFO  FinanceManagerDao:97 - in getAllReinbursements Dao Layer
2022-03-10 14:41:49 INFO  LoginDao:32 - in getAllEmployees Dao Layer
2022-03-10 14:41:49 INFO  LoginDao:32 - in getAllEmployees Dao Layer
2022-03-10 14:41:49 INFO  LoginDao:70 - in getRoles Dao Layer
2022-03-10 14:41:49 INFO  LoginDao:70 - in getRoles Dao Layer
2022-03-10 14:41:53 INFO  FinanceManagerDao:165 - in getAllEmployees Dao Layer
2022-03-10 14:41:53 INFO  FinanceManagerDao:201 - in getRoles Dao Layer
2022-03-10 14:41:53 INFO  FinanceManagerDao:201 - in getRoles Dao Layer
2022-03-10 14:41:53 INFO  FinanceManagerDao:201 - in getRoles Dao Layer
2022-03-10 14:41:53 INFO  FinanceManagerDao:201 - in getRoles Dao Layer
2022-03-10 14:41:54 INFO  FinanceManagerDao:97 - in getAllReinbursements Dao Layer
2022-03-10 14:41:55 INFO  FinanceManagerDao:165 - in getAllEmployees Dao Layer
2022-03-10 14:41:55 INFO  FinanceManagerDao:201 - in getRoles Dao Layer
2022-03-10 14:41:55 INFO  FinanceManagerDao:201 - in getRoles Dao Layer
2022-03-10 14:41:55 INFO  FinanceManagerDao:201 - in getRoles Dao Layer
2022-03-10 14:41:55 INFO  FinanceManagerDao:201 - in getRoles Dao Layer
2022-03-10 14:41:58 INFO  LoginDao:32 - in getAllEmployees Dao Layer
2022-03-10 14:41:58 INFO  LoginDao:70 - in getRoles Dao Layer
2022-03-10 14:41:58 INFO  LoginDao:32 - in getAllEmployees Dao Layer
2022-03-10 14:41:58 INFO  LoginDao:70 - in getRoles Dao Layer
2022-03-10 14:42:08 INFO  LoginDao:32 - in getAllEmployees Dao Layer
2022-03-10 14:42:08 INFO  LoginDao:70 - in getRoles Dao Layer
2022-03-10 14:42:08 INFO  LoginDao:32 - in getAllEmployees Dao Layer
2022-03-10 14:42:08 INFO  LoginDao:70 - in getRoles Dao Layer
2022-03-10 14:42:10 INFO  FinanceManagerDao:97 - in getAllReinbursements Dao Layer
2022-03-10 14:42:12 INFO  FinanceManagerDao:165 - in getAllEmployees Dao Layer
2022-03-10 14:42:12 INFO  FinanceManagerDao:201 - in getRoles Dao Layer
2022-03-10 14:42:12 INFO  FinanceManagerDao:201 - in getRoles Dao Layer
2022-03-10 14:42:12 INFO  FinanceManagerDao:201 - in getRoles Dao Layer
2022-03-10 14:42:12 INFO  FinanceManagerDao:201 - in getRoles Dao Layer
2022-03-10 14:42:13 INFO  FinanceManagerDao:97 - in getAllReinbursements Dao Layer
2022-03-10 14:42:15 INFO  FinanceManagerDao:165 - in getAllEmployees Dao Layer
2022-03-10 14:42:15 INFO  FinanceManagerDao:201 - in getRoles Dao Layer
2022-03-10 14:42:15 INFO  FinanceManagerDao:201 - in getRoles Dao Layer
2022-03-10 14:42:15 INFO  FinanceManagerDao:201 - in getRoles Dao Layer
2022-03-10 14:42:15 INFO  FinanceManagerDao:201 - in getRoles Dao Layer
2022-03-10 14:42:15 INFO  FinanceManagerDao:131 - in getEmployeeReimbersements Dao Layer
2022-03-10 14:44:13 INFO  LoginDao:32 - in getAllEmployees Dao Layer
2022-03-10 14:44:13 INFO  LoginDao:70 - in getRoles Dao Layer
2022-03-10 14:44:13 INFO  LoginDao:32 - in getAllEmployees Dao Layer
2022-03-10 14:44:13 INFO  LoginDao:70 - in getRoles Dao Layer
2022-03-10 14:44:15 INFO  FinanceManagerDao:97 - in getAllReinbursements Dao Layer
2022-03-10 14:44:16 INFO  FinanceManagerDao:165 - in getAllEmployees Dao Layer
2022-03-10 14:44:16 INFO  FinanceManagerDao:201 - in getRoles Dao Layer
2022-03-10 14:44:16 INFO  FinanceManagerDao:201 - in getRoles Dao Layer
2022-03-10 14:44:16 INFO  FinanceManagerDao:201 - in getRoles Dao Layer
2022-03-10 14:44:16 INFO  FinanceManagerDao:201 - in getRoles Dao Layer
2022-03-10 14:44:16 INFO  FinanceManagerDao:97 - in getAllReinbursements Dao Layer
2022-03-10 14:44:17 INFO  FinanceManagerDao:165 - in getAllEmployees Dao Layer
2022-03-10 14:44:17 INFO  FinanceManagerDao:201 - in getRoles Dao Layer
2022-03-10 14:44:17 INFO  FinanceManagerDao:201 - in getRoles Dao Layer
2022-03-10 14:44:17 INFO  FinanceManagerDao:201 - in getRoles Dao Layer
2022-03-10 14:44:17 INFO  FinanceManagerDao:201 - in getRoles Dao Layer
2022-03-10 15:47:02 INFO  LoginDao:32 - in getAllEmployees Dao Layer
2022-03-10 15:47:02 INFO  LoginDao:70 - in getRoles Dao Layer
2022-03-10 15:47:02 INFO  LoginDao:32 - in getAllEmployees Dao Layer
2022-03-10 15:47:02 INFO  LoginDao:70 - in getRoles Dao Layer
